Arguments: 
  C:\Program Files\nodejs\node.exe C:\Program Files (x86)\Yarn\bin\yarn.js add -W rollup-plugin-uglifyjs

PATH: 
  C:\ProgramData\Oracle\Java\javapath;C:\WINDOWS\system32;C:\WINDOWS;C:\WINDOWS\System32\Wbem;C:\WINDOWS\System32\WindowsPowerShell\v1.0\;C:\Program Files\TortoiseHg\;C:\WINDOWS\system32\config\systemprofile\.dnx\bin;C:\Program Files\Microsoft DNX\Dnvm\;C:\Program Files\Microsoft SQL Server\130\Tools\Binn\;C:\Program Files (x86)\Windows Live\Shared;C:\Program Files (x86)\Windows Kits\8.1\Windows Performance Toolkit\;C:\Program Files (x86)\Skype\Phone\;C:\Program Files\TortoiseGit\bin;C:\Program Files\Git\cmd;C:\Program Files\MongoDB\Server\3.6\bin;C:\WINDOWS\System32\OpenSSH\;C:\Program Files\nodejs\;C:\Program Files (x86)\Yarn\bin\;C:\Users\maxim\AppData\Local\.meteor\;C:\Users\maxim\AppData\Local\Microsoft\WindowsApps;C:\Users\maxim\AppData\Local\GitHubDesktop\bin;C:\Users\maxim\AppData\Local\Microsoft\WindowsApps;C:\Python27;C:\Program Files (x86)\Google\Cloud SDK\google-cloud-sdk\bin;C:\Users\maxim\AppData\Roaming\npm;C:\Users\maxim\AppData\Local\Yarn\bin;C:\Users\maxim\npm\bin;

Yarn version: 
  1.9.4

Node version: 
  8.12.0

Platform: 
  win32 x64

Trace: 
  Error: https://registry.npmjs.org/rollup-plugin-uglifyjs: Not found
      at Request.params.callback [as _callback] (C:\Program Files (x86)\Yarn\lib\cli.js:64202:18)
      at Request.self.callback (C:\Program Files (x86)\Yarn\lib\cli.js:137468:22)
      at emitTwo (events.js:126:13)
      at Request.emit (events.js:214:7)
      at Request.<anonymous> (C:\Program Files (x86)\Yarn\lib\cli.js:138440:10)
      at emitOne (events.js:116:13)
      at Request.emit (events.js:211:7)
      at IncomingMessage.<anonymous> (C:\Program Files (x86)\Yarn\lib\cli.js:138362:12)
      at Object.onceWrapper (events.js:313:30)
      at emitNone (events.js:111:20)

npm manifest: 
  {
    "name": "three-js-blobtree",
    "version": "1.0.0",
    "description": "Library to handle implicit surfaces in THREE.JS using a blobtree.",
    "main": "src/blobtree.js",
    "scripts": {
      "test": "echo \"Error: no test specified\" && exit 1",
      "build": "node build.js",
      "lint": "eslint --env node --env browser --env es6 **.js",
      "make-doc": "node make-doc.js"
    },
    "dependencies": {
      "three-full": "^11.3.2"
    },
    "devDependencies": {
      "rollup": "^0.67.1",
      "eslint": "^4.11.0",
      "fs-extra": "^7.0.1",
      "jsdoc-api": "^4.0.3",
      "rollup-plugin-commonjs": "^9.2.0",
      "rollup-plugin-node-resolve": "^3.4.0",
      "rollup-plugin-terser": "^3.0.0"
    },
    "files": [
      "src/*",
      "dist/*"
    ],
    "browser": "./dist/browser/blobtree.js",
    "author": "Maxime Quiblier <maximequiblier@gmail.com>",
    "license": "MIT",
    "hash": "cbb66061ffd05bc5f6673756895b3f6f03e7202a"
  }

yarn manifest: 
  No manifest

Lockfile: 
  # THIS IS AN AUTOGENERATED FILE. DO NOT EDIT THIS FILE DIRECTLY.
  # yarn lockfile v1
  
  
  babylon@7.0.0-beta.19:
    version "7.0.0-beta.19"
    resolved "https://registry.npmjs.org/babylon/-/babylon-7.0.0-beta.19.tgz#e928c7e807e970e0536b078ab3e0c48f9e052503"
  
  bluebird@~3.5.0:
    version "3.5.3"
    resolved "https://registry.npmjs.org/bluebird/-/bluebird-3.5.3.tgz#7d01c6f9616c9a51ab0f8c549a79dfe6ec33efa7"
  
  catharsis@~0.8.9:
    version "0.8.9"
    resolved "https://registry.npmjs.org/catharsis/-/catharsis-0.8.9.tgz#98cc890ca652dd2ef0e70b37925310ff9e90fc8b"
    dependencies:
      underscore-contrib "~0.3.0"
  
  escape-string-regexp@~1.0.5:
    version "1.0.5"
    resolved "https://registry.npmjs.org/escape-string-regexp/-/escape-string-regexp-1.0.5.tgz#1b61c0562190a8dff6ae3bb2cf0200ca130b86d4"
  
  graceful-fs@^4.1.9:
    version "4.1.15"
    resolved "https://registry.npmjs.org/graceful-fs/-/graceful-fs-4.1.15.tgz#ffb703e1066e8a0eeaa4c8b80ba9253eeefbfb00"
  
  js2xmlparser@~3.0.0:
    version "3.0.0"
    resolved "https://registry.npmjs.org/js2xmlparser/-/js2xmlparser-3.0.0.tgz#3fb60eaa089c5440f9319f51760ccd07e2499733"
    dependencies:
      xmlcreate "^1.0.1"
  
  jsdoc@^3.5.5:
    version "3.5.5"
    resolved "https://registry.npmjs.org/jsdoc/-/jsdoc-3.5.5.tgz#484521b126e81904d632ff83ec9aaa096708fa4d"
    dependencies:
      babylon "7.0.0-beta.19"
      bluebird "~3.5.0"
      catharsis "~0.8.9"
      escape-string-regexp "~1.0.5"
      js2xmlparser "~3.0.0"
      klaw "~2.0.0"
      marked "~0.3.6"
      mkdirp "~0.5.1"
      requizzle "~0.2.1"
      strip-json-comments "~2.0.1"
      taffydb "2.6.2"
      underscore "~1.8.3"
  
  klaw@~2.0.0:
    version "2.0.0"
    resolved "https://registry.npmjs.org/klaw/-/klaw-2.0.0.tgz#59c128e0dc5ce410201151194eeb9cbf858650f6"
    dependencies:
      graceful-fs "^4.1.9"
  
  marked@~0.3.6:
    version "0.3.19"
    resolved "http://registry.npmjs.org/marked/-/marked-0.3.19.tgz#5d47f709c4c9fc3c216b6d46127280f40b39d790"
  
  minimist@0.0.8:
    version "0.0.8"
    resolved "http://registry.npmjs.org/minimist/-/minimist-0.0.8.tgz#857fcabfc3397d2625b8228262e86aa7a011b05d"
  
  mkdirp@~0.5.1:
    version "0.5.1"
    resolved "http://registry.npmjs.org/mkdirp/-/mkdirp-0.5.1.tgz#30057438eac6cf7f8c4767f38648d6697d75c903"
    dependencies:
      minimist "0.0.8"
  
  requizzle@~0.2.1:
    version "0.2.1"
    resolved "https://registry.npmjs.org/requizzle/-/requizzle-0.2.1.tgz#6943c3530c4d9a7e46f1cddd51c158fc670cdbde"
    dependencies:
      underscore "~1.6.0"
  
  strip-json-comments@~2.0.1:
    version "2.0.1"
    resolved "https://registry.npmjs.org/strip-json-comments/-/strip-json-comments-2.0.1.tgz#3c531942e908c2697c0ec344858c286c7ca0a60a"
  
  taffydb@2.6.2:
    version "2.6.2"
    resolved "https://registry.npmjs.org/taffydb/-/taffydb-2.6.2.tgz#7cbcb64b5a141b6a2efc2c5d2c67b4e150b2a268"
  
  three-full@^11.3.2:
    version "11.3.2"
    resolved "https://registry.npmjs.org/three-full/-/three-full-11.3.2.tgz#9484fe246caf70875ab9941d962b4af944b28b5f"
  
  underscore-contrib@~0.3.0:
    version "0.3.0"
    resolved "https://registry.npmjs.org/underscore-contrib/-/underscore-contrib-0.3.0.tgz#665b66c24783f8fa2b18c9f8cbb0e2c7d48c26c7"
    dependencies:
      underscore "1.6.0"
  
  underscore@1.6.0, underscore@~1.6.0:
    version "1.6.0"
    resolved "https://registry.npmjs.org/underscore/-/underscore-1.6.0.tgz#8b38b10cacdef63337b8b24e4ff86d45aea529a8"
  
  underscore@~1.8.3:
    version "1.8.3"
    resolved "https://registry.npmjs.org/underscore/-/underscore-1.8.3.tgz#4f3fb53b106e6097fcf9cb4109f2a5e9bdfa5022"
  
  xmlcreate@^1.0.1:
    version "1.0.2"
    resolved "https://registry.npmjs.org/xmlcreate/-/xmlcreate-1.0.2.tgz#fa6bf762a60a413fb3dd8f4b03c5b269238d308f"
